2019-09-25 10:32:53.678 [main] INFO  com.example.demo.DemoApplication - Starting DemoApplication on DESKTOP-U6LDV88 with PID 16644 (C:\Workspace\JavaWeb\demo\target\classes started by Lenovo in C:\Workspace\JavaWeb\demo)
2019-09-25 10:32:53.681 [main] INFO  com.example.demo.DemoApplication - No active profile set, falling back to default profiles: default
2019-09-25 10:32:54.814 [main] INFO  o.s.boot.web.embedded.tomcat.TomcatWebServer - Tomcat initialized with port(s): 8080 (http)
2019-09-25 10:32:54.827 [main] INFO  org.apache.coyote.http11.Http11NioProtocol - Initializing ProtocolHandler ["http-nio-8080"]
2019-09-25 10:32:54.834 [main] INFO  org.apache.catalina.core.StandardService - Starting service [Tomcat]
2019-09-25 10:32:54.835 [main] INFO  org.apache.catalina.core.StandardEngine - Starting Servlet engine: [Apache Tomcat/9.0.21]
2019-09-25 10:32:54.927 [main] INFO  o.a.c.core.ContainerBase.[Tomcat].[localhost].[/] - Initializing Spring embedded WebApplicationContext
2019-09-25 10:32:54.928 [main] INFO  org.springframework.web.context.ContextLoader - Root WebApplicationContext: initialization completed in 1173 ms
2019-09-25 10:32:55.160 [main] INFO  o.s.scheduling.concurrent.ThreadPoolTaskExecutor - Initializing ExecutorService 'applicationTaskExecutor'
2019-09-25 10:32:55.306 [main] INFO  c.a.d.s.b.a.DruidDataSourceAutoConfigure - Init DruidDataSource
2019-09-25 10:32:55.469 [main] INFO  com.alibaba.druid.pool.DruidDataSource - {dataSource-1} inited
2019-09-25 10:32:55.729 [main] INFO  org.apache.coyote.http11.Http11NioProtocol - Starting ProtocolHandler ["http-nio-8080"]
2019-09-25 10:32:55.751 [main] INFO  o.s.boot.web.embedded.tomcat.TomcatWebServer - Tomcat started on port(s): 8080 (http) with context path ''
2019-09-25 10:32:55.754 [main] INFO  com.example.demo.DemoApplication - Started DemoApplication in 2.746 seconds (JVM running for 5.322)
2019-09-25 10:38:36.626 [main] INFO  com.example.demo.DemoApplication - Starting DemoApplication on DESKTOP-U6LDV88 with PID 14624 (C:\Workspace\JavaWeb\demo\target\classes started by Lenovo in C:\Workspace\JavaWeb\demo)
2019-09-25 10:38:36.629 [main] INFO  com.example.demo.DemoApplication - No active profile set, falling back to default profiles: default
2019-09-25 10:38:37.588 [main] INFO  o.s.boot.web.embedded.tomcat.TomcatWebServer - Tomcat initialized with port(s): 8080 (http)
2019-09-25 10:38:37.599 [main] INFO  org.apache.coyote.http11.Http11NioProtocol - Initializing ProtocolHandler ["http-nio-8080"]
2019-09-25 10:38:37.605 [main] INFO  org.apache.catalina.core.StandardService - Starting service [Tomcat]
2019-09-25 10:38:37.606 [main] INFO  org.apache.catalina.core.StandardEngine - Starting Servlet engine: [Apache Tomcat/9.0.21]
2019-09-25 10:38:37.690 [main] INFO  o.a.c.core.ContainerBase.[Tomcat].[localhost].[/] - Initializing Spring embedded WebApplicationContext
2019-09-25 10:38:37.690 [main] INFO  org.springframework.web.context.ContextLoader - Root WebApplicationContext: initialization completed in 974 ms
2019-09-25 10:38:37.876 [main] INFO  o.s.scheduling.concurrent.ThreadPoolTaskExecutor - Initializing ExecutorService 'applicationTaskExecutor'
2019-09-25 10:38:38.003 [main] INFO  c.a.d.s.b.a.DruidDataSourceAutoConfigure - Init DruidDataSource
2019-09-25 10:38:38.160 [main] INFO  com.alibaba.druid.pool.DruidDataSource - {dataSource-1} inited
2019-09-25 10:38:38.326 [main] INFO  org.apache.coyote.http11.Http11NioProtocol - Starting ProtocolHandler ["http-nio-8080"]
2019-09-25 10:38:38.347 [main] INFO  o.s.boot.web.embedded.tomcat.TomcatWebServer - Tomcat started on port(s): 8080 (http) with context path ''
2019-09-25 10:38:38.349 [main] INFO  com.example.demo.DemoApplication - Started DemoApplication in 2.261 seconds (JVM running for 3.857)
2019-09-25 10:51:04.942 [main] INFO  com.example.demo.DemoApplication - Starting DemoApplication on DESKTOP-U6LDV88 with PID 15716 (C:\Workspace\JavaWeb\demo\target\classes started by Lenovo in C:\Workspace\JavaWeb\demo)
2019-09-25 10:51:04.946 [main] INFO  com.example.demo.DemoApplication - No active profile set, falling back to default profiles: default
2019-09-25 10:51:05.882 [main] INFO  o.s.boot.web.embedded.tomcat.TomcatWebServer - Tomcat initialized with port(s): 8080 (http)
2019-09-25 10:51:05.892 [main] INFO  org.apache.coyote.http11.Http11NioProtocol - Initializing ProtocolHandler ["http-nio-8080"]
2019-09-25 10:51:05.899 [main] INFO  org.apache.catalina.core.StandardService - Starting service [Tomcat]
2019-09-25 10:51:05.899 [main] INFO  org.apache.catalina.core.StandardEngine - Starting Servlet engine: [Apache Tomcat/9.0.21]
2019-09-25 10:51:05.981 [main] INFO  o.a.c.core.ContainerBase.[Tomcat].[localhost].[/] - Initializing Spring embedded WebApplicationContext
2019-09-25 10:51:05.981 [main] INFO  org.springframework.web.context.ContextLoader - Root WebApplicationContext: initialization completed in 954 ms
2019-09-25 10:51:06.157 [main] INFO  o.s.scheduling.concurrent.ThreadPoolTaskExecutor - Initializing ExecutorService 'applicationTaskExecutor'
2019-09-25 10:51:06.285 [main] INFO  c.a.d.s.b.a.DruidDataSourceAutoConfigure - Init DruidDataSource
2019-09-25 10:51:06.449 [main] INFO  com.alibaba.druid.pool.DruidDataSource - {dataSource-1} inited
2019-09-25 10:51:06.613 [main] INFO  org.apache.coyote.http11.Http11NioProtocol - Starting ProtocolHandler ["http-nio-8080"]
2019-09-25 10:51:06.631 [main] INFO  o.s.boot.web.embedded.tomcat.TomcatWebServer - Tomcat started on port(s): 8080 (http) with context path ''
2019-09-25 10:51:06.633 [main] INFO  com.example.demo.DemoApplication - Started DemoApplication in 2.201 seconds (JVM running for 4.117)
2019-09-25 15:29:14.882 [main] INFO  com.example.demo.DemoApplication - Starting DemoApplication on DESKTOP-U6LDV88 with PID 13752 (C:\Workspace\JavaWeb\demo\target\classes started by Lenovo in C:\Workspace\JavaWeb\demo)
2019-09-25 15:29:14.887 [main] INFO  com.example.demo.DemoApplication - No active profile set, falling back to default profiles: default
2019-09-25 15:29:15.764 [main] INFO  o.s.boot.web.embedded.tomcat.TomcatWebServer - Tomcat initialized with port(s): 8080 (http)
2019-09-25 15:29:15.774 [main] INFO  org.apache.coyote.http11.Http11NioProtocol - Initializing ProtocolHandler ["http-nio-8080"]
2019-09-25 15:29:15.780 [main] INFO  org.apache.catalina.core.StandardService - Starting service [Tomcat]
2019-09-25 15:29:15.781 [main] INFO  org.apache.catalina.core.StandardEngine - Starting Servlet engine: [Apache Tomcat/9.0.21]
2019-09-25 15:29:15.862 [main] INFO  o.a.c.core.ContainerBase.[Tomcat].[localhost].[/] - Initializing Spring embedded WebApplicationContext
2019-09-25 15:29:15.863 [main] INFO  org.springframework.web.context.ContextLoader - Root WebApplicationContext: initialization completed in 907 ms
2019-09-25 15:29:15.946 [main] INFO  c.a.d.s.b.a.DruidDataSourceAutoConfigure - Init DruidDataSource
2019-09-25 15:29:16.051 [main] INFO  com.alibaba.druid.pool.DruidDataSource - {dataSource-1} inited
2019-09-25 15:29:16.311 [main] INFO  o.s.scheduling.concurrent.ThreadPoolTaskExecutor - Initializing ExecutorService 'applicationTaskExecutor'
2019-09-25 15:29:16.490 [main] INFO  org.apache.coyote.http11.Http11NioProtocol - Starting ProtocolHandler ["http-nio-8080"]
2019-09-25 15:29:16.510 [main] INFO  o.s.boot.web.embedded.tomcat.TomcatWebServer - Tomcat started on port(s): 8080 (http) with context path ''
2019-09-25 15:29:16.512 [main] INFO  com.example.demo.DemoApplication - Started DemoApplication in 2.202 seconds (JVM running for 3.719)
